[2024-12-16 22:39:31.879] [info] Using configuration file /home/frank/.config/waybar/config.jsonc
[2024-12-16 22:39:31.880] [info] Unable to receive desktop appearance: GDBus.Error:org.freedesktop.DBus.Error.UnknownMethod: No such interface “org.freedesktop.portal.Settings” on object at path /org/freedesktop/portal/desktop
[2024-12-16 22:39:31.880] [info] Using CSS file /home/frank/.config/waybar/style.css
[2024-12-16 22:39:31.884] [info] Hyprland IPC starting
[2024-12-16 22:39:31.884] [info] Loading persistent workspaces from Hyprland workspace rules
[2024-12-16 22:39:31.890] [error] media stopped unexpectedly, is it endless?
[2024-12-16 22:39:31.893] [warning] Can't open /dev/input/event0 (are you in the input group?): EACCES Permission denied
[2024-12-16 22:39:31.893] [warning] Can't open /dev/input/event1 (are you in the input group?): EACCES Permission denied
[2024-12-16 22:39:31.893] [warning] Can't open /dev/input/event2 (are you in the input group?): EACCES Permission denied
[2024-12-16 22:39:31.893] [warning] Can't open /dev/input/event3 (are you in the input group?): EACCES Permission denied
[2024-12-16 22:39:31.893] [warning] Can't open /dev/input/event4 (are you in the input group?): EACCES Permission denied
[2024-12-16 22:39:31.893] [warning] Can't open /dev/input/event8 (are you in the input group?): EACCES Permission denied
[2024-12-16 22:39:31.893] [warning] Can't open /dev/input/event5 (are you in the input group?): EACCES Permission denied
[2024-12-16 22:39:31.893] [warning] Can't open /dev/input/event6 (are you in the input group?): EACCES Permission denied
[2024-12-16 22:39:31.893] [warning] Can't open /dev/input/event7 (are you in the input group?): EACCES Permission denied
[2024-12-16 22:39:31.893] [warning] Can't open /dev/input/event9 (are you in the input group?): EACCES Permission denied
[2024-12-16 22:39:31.893] [warning] Can't open /dev/input/event10 (are you in the input group?): EACCES Permission denied
[2024-12-16 22:39:31.893] [warning] Can't open /dev/input/mice (are you in the input group?): EACCES Permission denied
[2024-12-16 22:39:31.893] [warning] Can't open /dev/input/mouse0 (are you in the input group?): EACCES Permission denied
[2024-12-16 22:39:31.893] [warning] Can't open /dev/input/mouse1 (are you in the input group?): EACCES Permission denied
[2024-12-16 22:39:31.893] [warning] Can't open /dev/input/event11 (are you in the input group?): EACCES Permission denied
[2024-12-16 22:39:31.893] [warning] Can't open /dev/input/event12 (are you in the input group?): EACCES Permission denied
[2024-12-16 22:39:31.893] [warning] Can't open /dev/input/event13 (are you in the input group?): EACCES Permission denied
[2024-12-16 22:39:31.893] [warning] Can't open /dev/input/mouse2 (are you in the input group?): EACCES Permission denied
[2024-12-16 22:39:31.893] [warning] Can't open /dev/input/event14 (are you in the input group?): EACCES Permission denied
[2024-12-16 22:39:31.893] [warning] Can't open /dev/input/event15 (are you in the input group?): EACCES Permission denied
[2024-12-16 22:39:31.893] [warning] Can't open /dev/input/event16 (are you in the input group?): EACCES Permission denied
[2024-12-16 22:39:31.893] [warning] Can't open /dev/input/event17 (are you in the input group?): EACCES Permission denied
[2024-12-16 22:39:31.893] [warning] Can't open /dev/input/mouse3 (are you in the input group?): EACCES Permission denied
[2024-12-16 22:39:31.893] [warning] module keyboard-state: Disabling module "keyboard-state", Failed to find keyboard device: EACCES Permission denied
[2024-12-16 22:39:31.894] [warning] No battery named BAT2
[2024-12-16 22:39:31.894] [warning] Error while creating the menu : Failed to expand file: $HOME/.config/waybar/power_menu.xml. Menu popup not activated.
[2024-12-16 22:39:31.924] [info] Bar configured (width: 1920, height: 30) for output: HDMI-A-1
[2024-12-16 22:42:00.686] [info] Using configuration file /home/frank/.config/waybar/config.jsonc
[2024-12-16 22:42:00.687] [info] Unable to receive desktop appearance: GDBus.Error:org.freedesktop.DBus.Error.UnknownMethod: No such interface “org.freedesktop.portal.Settings” on object at path /org/freedesktop/portal/desktop
[2024-12-16 22:42:00.687] [info] Using CSS file /home/frank/.config/waybar/style.css
[2024-12-16 22:42:00.692] [info] Hyprland IPC starting
[2024-12-16 22:42:00.692] [info] Loading persistent workspaces from Hyprland workspace rules
[2024-12-16 22:42:00.697] [error] media stopped unexpectedly, is it endless?
[2024-12-16 22:42:00.700] [warning] Can't open /dev/input/event0 (are you in the input group?): EACCES Permission denied
[2024-12-16 22:42:00.700] [warning] Can't open /dev/input/event1 (are you in the input group?): EACCES Permission denied
[2024-12-16 22:42:00.700] [warning] Can't open /dev/input/event2 (are you in the input group?): EACCES Permission denied
[2024-12-16 22:42:00.700] [warning] Can't open /dev/input/event3 (are you in the input group?): EACCES Permission denied
[2024-12-16 22:42:00.700] [warning] Can't open /dev/input/event4 (are you in the input group?): EACCES Permission denied
[2024-12-16 22:42:00.700] [warning] Can't open /dev/input/event8 (are you in the input group?): EACCES Permission denied
[2024-12-16 22:42:00.700] [warning] Can't open /dev/input/event5 (are you in the input group?): EACCES Permission denied
[2024-12-16 22:42:00.700] [warning] Can't open /dev/input/event6 (are you in the input group?): EACCES Permission denied
[2024-12-16 22:42:00.700] [warning] Can't open /dev/input/event7 (are you in the input group?): EACCES Permission denied
[2024-12-16 22:42:00.700] [warning] Can't open /dev/input/event9 (are you in the input group?): EACCES Permission denied
[2024-12-16 22:42:00.700] [warning] Can't open /dev/input/event10 (are you in the input group?): EACCES Permission denied
[2024-12-16 22:42:00.700] [warning] Can't open /dev/input/mice (are you in the input group?): EACCES Permission denied
[2024-12-16 22:42:00.700] [warning] Can't open /dev/input/mouse0 (are you in the input group?): EACCES Permission denied
[2024-12-16 22:42:00.700] [warning] Can't open /dev/input/mouse1 (are you in the input group?): EACCES Permission denied
[2024-12-16 22:42:00.700] [warning] Can't open /dev/input/event11 (are you in the input group?): EACCES Permission denied
[2024-12-16 22:42:00.700] [warning] Can't open /dev/input/event12 (are you in the input group?): EACCES Permission denied
[2024-12-16 22:42:00.700] [warning] Can't open /dev/input/event13 (are you in the input group?): EACCES Permission denied
[2024-12-16 22:42:00.700] [warning] Can't open /dev/input/mouse2 (are you in the input group?): EACCES Permission denied
[2024-12-16 22:42:00.700] [warning] Can't open /dev/input/event14 (are you in the input group?): EACCES Permission denied
[2024-12-16 22:42:00.700] [warning] Can't open /dev/input/event15 (are you in the input group?): EACCES Permission denied
[2024-12-16 22:42:00.700] [warning] Can't open /dev/input/event16 (are you in the input group?): EACCES Permission denied
[2024-12-16 22:42:00.700] [warning] Can't open /dev/input/event17 (are you in the input group?): EACCES Permission denied
[2024-12-16 22:42:00.700] [warning] Can't open /dev/input/mouse3 (are you in the input group?): EACCES Permission denied
[2024-12-16 22:42:00.700] [warning] module keyboard-state: Disabling module "keyboard-state", Failed to find keyboard device: EACCES Permission denied
[2024-12-16 22:42:00.701] [warning] No battery named BAT2
[2024-12-16 22:42:00.701] [warning] Error while creating the menu : Failed to expand file: $HOME/.config/waybar/power_menu.xml. Menu popup not activated.
[2024-12-16 22:42:00.737] [info] Bar configured (width: 1920, height: 30) for output: HDMI-A-1
[2024-12-16 22:44:07.572] [info] Using configuration file /home/frank/.config/waybar/config.jsonc
[2024-12-16 22:44:07.574] [info] Unable to receive desktop appearance: GDBus.Error:org.freedesktop.DBus.Error.UnknownMethod: No such interface “org.freedesktop.portal.Settings” on object at path /org/freedesktop/portal/desktop
[2024-12-16 22:44:07.574] [info] Using CSS file /home/frank/.config/waybar/style.css
[2024-12-16 22:44:07.577] [info] Hyprland IPC starting
[2024-12-16 22:44:07.578] [info] Loading persistent workspaces from Hyprland workspace rules
[2024-12-16 22:44:07.582] [error] media stopped unexpectedly, is it endless?
[2024-12-16 22:44:07.586] [warning] Can't open /dev/input/event0 (are you in the input group?): EACCES Permission denied
[2024-12-16 22:44:07.586] [warning] Can't open /dev/input/event1 (are you in the input group?): EACCES Permission denied
[2024-12-16 22:44:07.586] [warning] Can't open /dev/input/event2 (are you in the input group?): EACCES Permission denied
[2024-12-16 22:44:07.586] [warning] Can't open /dev/input/event3 (are you in the input group?): EACCES Permission denied
[2024-12-16 22:44:07.586] [warning] Can't open /dev/input/event4 (are you in the input group?): EACCES Permission denied
[2024-12-16 22:44:07.586] [warning] Can't open /dev/input/event8 (are you in the input group?): EACCES Permission denied
[2024-12-16 22:44:07.586] [warning] Can't open /dev/input/event5 (are you in the input group?): EACCES Permission denied
[2024-12-16 22:44:07.586] [warning] Can't open /dev/input/event6 (are you in the input group?): EACCES Permission denied
[2024-12-16 22:44:07.586] [warning] Can't open /dev/input/event7 (are you in the input group?): EACCES Permission denied
[2024-12-16 22:44:07.586] [warning] Can't open /dev/input/event9 (are you in the input group?): EACCES Permission denied
[2024-12-16 22:44:07.586] [warning] Can't open /dev/input/event10 (are you in the input group?): EACCES Permission denied
[2024-12-16 22:44:07.586] [warning] Can't open /dev/input/mice (are you in the input group?): EACCES Permission denied
[2024-12-16 22:44:07.586] [warning] Can't open /dev/input/mouse0 (are you in the input group?): EACCES Permission denied
[2024-12-16 22:44:07.586] [warning] Can't open /dev/input/mouse1 (are you in the input group?): EACCES Permission denied
[2024-12-16 22:44:07.586] [warning] Can't open /dev/input/event11 (are you in the input group?): EACCES Permission denied
[2024-12-16 22:44:07.586] [warning] Can't open /dev/input/event12 (are you in the input group?): EACCES Permission denied
[2024-12-16 22:44:07.586] [warning] Can't open /dev/input/event13 (are you in the input group?): EACCES Permission denied
[2024-12-16 22:44:07.586] [warning] Can't open /dev/input/mouse2 (are you in the input group?): EACCES Permission denied
[2024-12-16 22:44:07.586] [warning] Can't open /dev/input/event14 (are you in the input group?): EACCES Permission denied
[2024-12-16 22:44:07.586] [warning] Can't open /dev/input/event15 (are you in the input group?): EACCES Permission denied
[2024-12-16 22:44:07.586] [warning] Can't open /dev/input/event16 (are you in the input group?): EACCES Permission denied
[2024-12-16 22:44:07.586] [warning] Can't open /dev/input/event17 (are you in the input group?): EACCES Permission denied
[2024-12-16 22:44:07.586] [warning] Can't open /dev/input/mouse3 (are you in the input group?): EACCES Permission denied
[2024-12-16 22:44:07.587] [warning] module keyboard-state: Disabling module "keyboard-state", Failed to find keyboard device: EACCES Permission denied
[2024-12-16 22:44:07.587] [warning] No battery named BAT2
[2024-12-16 22:44:07.587] [warning] Error while creating the menu : Failed to expand file: $HOME/.config/waybar/power_menu.xml. Menu popup not activated.
[2024-12-16 22:44:07.620] [info] Bar configured (width: 1920, height: 30) for output: HDMI-A-1
[2024-12-16 22:46:43.364] [info] Using configuration file /home/frank/.config/waybar/config.jsonc
[2024-12-16 22:46:43.365] [info] Unable to receive desktop appearance: GDBus.Error:org.freedesktop.DBus.Error.UnknownMethod: No such interface “org.freedesktop.portal.Settings” on object at path /org/freedesktop/portal/desktop
[2024-12-16 22:46:43.365] [info] Using CSS file /home/frank/.config/waybar/style.css
[2024-12-16 22:46:43.369] [info] Hyprland IPC starting
[2024-12-16 22:46:43.370] [info] Loading persistent workspaces from Hyprland workspace rules
[2024-12-16 22:46:43.376] [error] media stopped unexpectedly, is it endless?
[2024-12-16 22:46:43.378] [warning] Can't open /dev/input/event0 (are you in the input group?): EACCES Permission denied
[2024-12-16 22:46:43.379] [warning] Can't open /dev/input/event1 (are you in the input group?): EACCES Permission denied
[2024-12-16 22:46:43.379] [warning] Can't open /dev/input/event2 (are you in the input group?): EACCES Permission denied
[2024-12-16 22:46:43.379] [warning] Can't open /dev/input/event3 (are you in the input group?): EACCES Permission denied
[2024-12-16 22:46:43.379] [warning] Can't open /dev/input/event4 (are you in the input group?): EACCES Permission denied
[2024-12-16 22:46:43.379] [warning] Can't open /dev/input/event8 (are you in the input group?): EACCES Permission denied
[2024-12-16 22:46:43.379] [warning] Can't open /dev/input/event5 (are you in the input group?): EACCES Permission denied
[2024-12-16 22:46:43.379] [warning] Can't open /dev/input/event6 (are you in the input group?): EACCES Permission denied
[2024-12-16 22:46:43.379] [warning] Can't open /dev/input/event7 (are you in the input group?): EACCES Permission denied
[2024-12-16 22:46:43.379] [warning] Can't open /dev/input/event9 (are you in the input group?): EACCES Permission denied
[2024-12-16 22:46:43.379] [warning] Can't open /dev/input/event10 (are you in the input group?): EACCES Permission denied
[2024-12-16 22:46:43.379] [warning] Can't open /dev/input/mice (are you in the input group?): EACCES Permission denied
[2024-12-16 22:46:43.379] [warning] Can't open /dev/input/mouse0 (are you in the input group?): EACCES Permission denied
[2024-12-16 22:46:43.379] [warning] Can't open /dev/input/mouse1 (are you in the input group?): EACCES Permission denied
[2024-12-16 22:46:43.379] [warning] Can't open /dev/input/event11 (are you in the input group?): EACCES Permission denied
[2024-12-16 22:46:43.379] [warning] Can't open /dev/input/event12 (are you in the input group?): EACCES Permission denied
[2024-12-16 22:46:43.379] [warning] Can't open /dev/input/event13 (are you in the input group?): EACCES Permission denied
[2024-12-16 22:46:43.379] [warning] Can't open /dev/input/mouse2 (are you in the input group?): EACCES Permission denied
[2024-12-16 22:46:43.379] [warning] Can't open /dev/input/event14 (are you in the input group?): EACCES Permission denied
[2024-12-16 22:46:43.379] [warning] Can't open /dev/input/event15 (are you in the input group?): EACCES Permission denied
[2024-12-16 22:46:43.379] [warning] Can't open /dev/input/event16 (are you in the input group?): EACCES Permission denied
[2024-12-16 22:46:43.379] [warning] Can't open /dev/input/event17 (are you in the input group?): EACCES Permission denied
[2024-12-16 22:46:43.379] [warning] Can't open /dev/input/mouse3 (are you in the input group?): EACCES Permission denied
[2024-12-16 22:46:43.379] [warning] module keyboard-state: Disabling module "keyboard-state", Failed to find keyboard device: EACCES Permission denied
[2024-12-16 22:46:43.379] [warning] No battery named BAT2
[2024-12-16 22:46:43.379] [warning] Error while creating the menu : Failed to expand file: $HOME/.config/waybar/power_menu.xml. Menu popup not activated.
[2024-12-16 22:46:43.414] [info] Bar configured (width: 1920, height: 30) for output: HDMI-A-1
[2024-12-16 22:47:16.526] [info] Using configuration file /home/frank/.config/waybar/config.jsonc
[2024-12-16 22:47:16.528] [info] Unable to receive desktop appearance: GDBus.Error:org.freedesktop.DBus.Error.UnknownMethod: No such interface “org.freedesktop.portal.Settings” on object at path /org/freedesktop/portal/desktop
[2024-12-16 22:47:16.528] [info] Using CSS file /home/frank/.config/waybar/style.css
[2024-12-16 22:47:16.532] [info] Hyprland IPC starting
[2024-12-16 22:47:16.532] [info] Loading persistent workspaces from Hyprland workspace rules
[2024-12-16 22:47:16.537] [error] media stopped unexpectedly, is it endless?
[2024-12-16 22:47:16.541] [warning] Can't open /dev/input/event0 (are you in the input group?): EACCES Permission denied
[2024-12-16 22:47:16.541] [warning] Can't open /dev/input/event1 (are you in the input group?): EACCES Permission denied
[2024-12-16 22:47:16.541] [warning] Can't open /dev/input/event2 (are you in the input group?): EACCES Permission denied
[2024-12-16 22:47:16.541] [warning] Can't open /dev/input/event3 (are you in the input group?): EACCES Permission denied
[2024-12-16 22:47:16.541] [warning] Can't open /dev/input/event4 (are you in the input group?): EACCES Permission denied
[2024-12-16 22:47:16.541] [warning] Can't open /dev/input/event8 (are you in the input group?): EACCES Permission denied
[2024-12-16 22:47:16.541] [warning] Can't open /dev/input/event5 (are you in the input group?): EACCES Permission denied
[2024-12-16 22:47:16.541] [warning] Can't open /dev/input/event6 (are you in the input group?): EACCES Permission denied
[2024-12-16 22:47:16.541] [warning] Can't open /dev/input/event7 (are you in the input group?): EACCES Permission denied
[2024-12-16 22:47:16.541] [warning] Can't open /dev/input/event9 (are you in the input group?): EACCES Permission denied
[2024-12-16 22:47:16.541] [warning] Can't open /dev/input/event10 (are you in the input group?): EACCES Permission denied
[2024-12-16 22:47:16.541] [warning] Can't open /dev/input/mice (are you in the input group?): EACCES Permission denied
[2024-12-16 22:47:16.541] [warning] Can't open /dev/input/mouse0 (are you in the input group?): EACCES Permission denied
[2024-12-16 22:47:16.541] [warning] Can't open /dev/input/mouse1 (are you in the input group?): EACCES Permission denied
[2024-12-16 22:47:16.541] [warning] Can't open /dev/input/event11 (are you in the input group?): EACCES Permission denied
[2024-12-16 22:47:16.541] [warning] Can't open /dev/input/event12 (are you in the input group?): EACCES Permission denied
[2024-12-16 22:47:16.541] [warning] Can't open /dev/input/event13 (are you in the input group?): EACCES Permission denied
[2024-12-16 22:47:16.541] [warning] Can't open /dev/input/mouse2 (are you in the input group?): EACCES Permission denied
[2024-12-16 22:47:16.541] [warning] Can't open /dev/input/event14 (are you in the input group?): EACCES Permission denied
[2024-12-16 22:47:16.541] [warning] Can't open /dev/input/event15 (are you in the input group?): EACCES Permission denied
[2024-12-16 22:47:16.541] [warning] Can't open /dev/input/event16 (are you in the input group?): EACCES Permission denied
[2024-12-16 22:47:16.541] [warning] Can't open /dev/input/event17 (are you in the input group?): EACCES Permission denied
[2024-12-16 22:47:16.541] [warning] Can't open /dev/input/mouse3 (are you in the input group?): EACCES Permission denied
[2024-12-16 22:47:16.541] [warning] module keyboard-state: Disabling module "keyboard-state", Failed to find keyboard device: EACCES Permission denied
[2024-12-16 22:47:16.541] [warning] No battery named BAT2
[2024-12-16 22:47:16.542] [warning] Error while creating the menu : Failed to expand file: $HOME/.config/waybar/power_menu.xml. Menu popup not activated.
[2024-12-16 22:47:16.572] [info] Bar configured (width: 1920, height: 30) for output: HDMI-A-1
sh: line 1: pavucontrol: command not found
[2024-12-16 22:50:17.305] [info] Hyprland config reloaded, reinitializing hyprland/workspaces module...
[2024-12-16 22:50:17.333] [info] Loading persistent workspaces from Hyprland workspace rules
[2024-12-16 22:50:17.333] [info] Loading persistent workspaces from Hyprland workspace rules
[2024-12-16 22:50:17.342] [error] media stopped unexpectedly, is it endless?
[2024-12-16 22:50:17.343] [warning] Can't open /dev/input/event0 (are you in the input group?): EACCES Permission denied
[2024-12-16 22:50:17.343] [warning] Can't open /dev/input/event1 (are you in the input group?): EACCES Permission denied
[2024-12-16 22:50:17.343] [warning] Can't open /dev/input/event2 (are you in the input group?): EACCES Permission denied
[2024-12-16 22:50:17.343] [warning] Can't open /dev/input/event3 (are you in the input group?): EACCES Permission denied
[2024-12-16 22:50:17.343] [warning] Can't open /dev/input/event4 (are you in the input group?): EACCES Permission denied
[2024-12-16 22:50:17.343] [warning] Can't open /dev/input/event8 (are you in the input group?): EACCES Permission denied
[2024-12-16 22:50:17.343] [warning] Can't open /dev/input/event5 (are you in the input group?): EACCES Permission denied
[2024-12-16 22:50:17.343] [warning] Can't open /dev/input/event6 (are you in the input group?): EACCES Permission denied
[2024-12-16 22:50:17.343] [warning] Can't open /dev/input/event7 (are you in the input group?): EACCES Permission denied
[2024-12-16 22:50:17.343] [warning] Can't open /dev/input/event9 (are you in the input group?): EACCES Permission denied
[2024-12-16 22:50:17.343] [warning] Can't open /dev/input/event10 (are you in the input group?): EACCES Permission denied
[2024-12-16 22:50:17.343] [warning] Can't open /dev/input/mice (are you in the input group?): EACCES Permission denied
[2024-12-16 22:50:17.343] [warning] Can't open /dev/input/mouse0 (are you in the input group?): EACCES Permission denied
[2024-12-16 22:50:17.343] [warning] Can't open /dev/input/mouse1 (are you in the input group?): EACCES Permission denied
[2024-12-16 22:50:17.343] [warning] Can't open /dev/input/event11 (are you in the input group?): EACCES Permission denied
[2024-12-16 22:50:17.343] [warning] Can't open /dev/input/event12 (are you in the input group?): EACCES Permission denied
[2024-12-16 22:50:17.343] [warning] Can't open /dev/input/event13 (are you in the input group?): EACCES Permission denied
[2024-12-16 22:50:17.343] [warning] Can't open /dev/input/mouse2 (are you in the input group?): EACCES Permission denied
[2024-12-16 22:50:17.343] [warning] Can't open /dev/input/event14 (are you in the input group?): EACCES Permission denied
[2024-12-16 22:50:17.343] [warning] Can't open /dev/input/event15 (are you in the input group?): EACCES Permission denied
[2024-12-16 22:50:17.343] [warning] Can't open /dev/input/event16 (are you in the input group?): EACCES Permission denied
[2024-12-16 22:50:17.343] [warning] Can't open /dev/input/event17 (are you in the input group?): EACCES Permission denied
[2024-12-16 22:50:17.343] [warning] Can't open /dev/input/mouse3 (are you in the input group?): EACCES Permission denied
[2024-12-16 22:50:17.343] [warning] module keyboard-state: Disabling module "keyboard-state", Failed to find keyboard device: EACCES Permission denied
[2024-12-16 22:50:17.344] [warning] No battery named BAT2
[2024-12-16 22:50:17.344] [warning] Error while creating the menu : Failed to expand file: $HOME/.config/waybar/power_menu.xml. Menu popup not activated.
[2024-12-16 22:50:17.360] [info] Bar configured (width: 1440, height: 30) for output: eDP-1
[2024-12-16 22:50:17.360] [error] Item '': No icon name or pixmap given.
[2024-12-16 22:50:17.361] [error] Item '': No icon name or pixmap given.
[2024-12-16 22:50:17.361] [error] Item '': No icon name or pixmap given.
[2024-12-16 22:50:17.367] [info] Bar configured (width: 1440, height: 30) for output: eDP-1
[2024-12-16 22:50:17.367] [error] Item '': No icon name or pixmap given.
[2024-12-16 22:50:19.361] [info] Hyprland config reloaded, reinitializing hyprland/workspaces module...
[2024-12-16 22:50:19.384] [info] Loading persistent workspaces from Hyprland workspace rules
[2024-12-16 22:50:19.384] [info] Hyprland config reloaded, reinitializing hyprland/workspaces module...
[2024-12-16 22:50:19.385] [info] Loading persistent workspaces from Hyprland workspace rules
[2024-12-16 22:50:29.425] [info] Hyprland config reloaded, reinitializing hyprland/workspaces module...
[2024-12-16 22:50:29.434] [info] Loading persistent workspaces from Hyprland workspace rules
[2024-12-16 22:50:29.434] [info] Hyprland config reloaded, reinitializing hyprland/workspaces module...
[2024-12-16 22:50:29.434] [info] Loading persistent workspaces from Hyprland workspace rules
[2024-12-16 22:50:44.487] [info] Hyprland config reloaded, reinitializing hyprland/workspaces module...
[2024-12-16 22:50:44.501] [info] Loading persistent workspaces from Hyprland workspace rules
[2024-12-16 22:50:44.501] [info] Hyprland config reloaded, reinitializing hyprland/workspaces module...
[2024-12-16 22:50:44.501] [info] Loading persistent workspaces from Hyprland workspace rules
[2024-12-16 22:50:45.559] [info] Hyprland config reloaded, reinitializing hyprland/workspaces module...
[2024-12-16 22:50:45.567] [info] Loading persistent workspaces from Hyprland workspace rules
[2024-12-16 22:50:45.567] [info] Hyprland config reloaded, reinitializing hyprland/workspaces module...
[2024-12-16 22:50:45.567] [info] Loading persistent workspaces from Hyprland workspace rules
[2024-12-16 22:51:27.644] [info] Hyprland config reloaded, reinitializing hyprland/workspaces module...
[2024-12-16 22:51:27.667] [info] Loading persistent workspaces from Hyprland workspace rules
[2024-12-16 22:51:27.667] [info] Hyprland config reloaded, reinitializing hyprland/workspaces module...
[2024-12-16 22:51:27.683] [info] Loading persistent workspaces from Hyprland workspace rules
Gdk-Message: 22:51:30.624: Error reading events from display: Connection reset by peer
